<?xml version="1.0" encoding="UTF-8"?>
<!-- Generated by org.testng.reporters.JUnitReportReporter -->
<testsuite hostname="SanjeevKumarSinha" failures="0" tests="3" name="SumValidation" time="0.638" errors="0" timestamp="2024-11-02T15:14:16 IST" skipped="0">
  <testcase classname="SumValidation" name="SumOfCourses" time="0.237"/>
  <testcase classname="SumValidation" name="PrintAllCourseTitleAndPrices" time="0.251"/>
  <testcase classname="SumValidation" name="PrintNoOfCopies" time="0.150"/>
</testsuite> <!-- SumValidation -->
