<?xml version="1.0" encoding="UTF-8"?>
<!-- Generated by org.testng.reporters.JUnitReportReporter -->
<testsuite hostname="SanjeevKumarSinha" failures="0" tests="4" name="files.DynamicJson" time="4.425" errors="0" timestamp="2024-11-02T16:25:10 IST" skipped="0">
  <testcase classname="files.DynamicJson" name="addBook" time="3.924"/>
  <testcase classname="files.DynamicJson" name="addBook" time="0.162"/>
  <testcase classname="files.DynamicJson" name="addBook" time="0.154"/>
  <testcase classname="files.DynamicJson" name="addBook" time="0.185"/>
</testsuite> <!-- files.DynamicJson -->
